[debug] [2023-10-15T04:51:41.861Z] ----------------------------------------------------------------------
[debug] [2023-10-15T04:51:41.868Z] Command:       C:\Program Files\nodejs\node.exe C:\Users\NAJRUL\AppData\Roaming\npm\node_modules\firebase-tools\lib\bin\firebase.js init
[debug] [2023-10-15T04:51:41.869Z] CLI Version:   12.7.0
[debug] [2023-10-15T04:51:41.871Z] Platform:      win32
[debug] [2023-10-15T04:51:41.872Z] Node Version:  v18.18.0
[debug] [2023-10-15T04:51:41.874Z] Time:          Sun Oct 15 2023 10:51:41 GMT+0600 (Bangladesh Standard Time)
[debug] [2023-10-15T04:51:41.874Z] ----------------------------------------------------------------------
[debug] 
[debug] [2023-10-15T04:51:41.911Z] > command requires scopes: ["email","openid","https://www.googleapis.com/auth/cloudplatformprojects.readonly","https://www.googleapis.com/auth/firebase","https://www.googleapis.com/auth/cloud-platform"]
[debug] [2023-10-15T04:51:41.912Z] > authorizing via signed-in user (mdnajrulislam.4738@gmail.com)
[info] 
     ######## #### ########  ######## ########     ###     ######  ########
     ##        ##  ##     ## ##       ##     ##  ##   ##  ##       ##
     ######    ##  ########  ######   ########  #########  ######  ######
     ##        ##  ##    ##  ##       ##     ## ##     ##       ## ##
     ##       #### ##     ## ######## ########  ##     ##  ######  ########

You're about to initialize a Firebase project in this directory:

  I:\Programming-hero-projects\Node Express\coffee-store-server

[info] 
=== Project Setup
[info] 
[info] First, let's associate this project directory with a Firebase project.
[info] You can create multiple project aliases by running firebase use --add, 
[info] but for now we'll just set up a default project.
[info] 
[debug] [2023-10-15T04:52:19.546Z] >>> [apiv2][query] GET https://firebase.googleapis.com/v1beta1/projects pageSize=100
[debug] [2023-10-15T04:52:21.071Z] <<< [apiv2][status] GET https://firebase.googleapis.com/v1beta1/projects 200
[debug] [2023-10-15T04:52:21.071Z] <<< [apiv2][body] GET https://firebase.googleapis.com/v1beta1/projects [omitted]
[info] i  Using project store-coffee-29633 (store-coffee) 
[info] 
=== Hosting Setup
[info] 
[info] Your public directory is the folder (relative to your project directory) that
[info] will contain Hosting assets to be uploaded with firebase deploy. If you
[info] have a build process for your assets, use your build's output directory.
[info] 
